<?xml version="1.0" encoding="UTF-8"?>
<testng-results ignored="0" total="1" passed="1" failed="0" skipped="0">
  <reporter-output>
    <line>
      <![CDATA[Browser session started]]>
    </line>
    <line>
      <![CDATA[Clicking on Jobs Module]]>
    </line>
    <line>
      <![CDATA[Browser session ended]]>
    </line>
  </reporter-output>
  <suite started-at="2024-01-02T20:10:03 IST" name="Default suite" finished-at="2024-01-02T20:12:01 IST" duration-ms="118305">
    <groups>
    </groups>
    <test started-at="2024-01-02T20:10:03 IST" name="Default test" finished-at="2024-01-02T20:12:01 IST" duration-ms="118305">
      <class name="org.staff101.testcases.Jobs_Module">
        <test-method is-config="true" signature="setup()[pri:0, instance:org.staff101.testcases.Jobs_Module@6d60fe40]" started-at="2024-01-02T20:10:03 IST" name="setup" finished-at="2024-01-02T20:11:36 IST" duration-ms="92754" status="PASS">
          <reporter-output>
            <line>
              <![CDATA[Browser session started]]>
            </line>
          </reporter-output>
        </test-method> <!-- setup -->
        <test-method signature="jobs_module()[pri:0, instance:org.staff101.testcases.Jobs_Module@6d60fe40]" started-at="2024-01-02T20:11:36 IST" name="jobs_module" finished-at="2024-01-02T20:11:57 IST" duration-ms="20734" status="PASS">
          <reporter-output>
            <line>
              <![CDATA[Clicking on Jobs Module]]>
            </line>
          </reporter-output>
        </test-method> <!-- jobs_module -->
        <test-method is-config="true" signature="tearDown()[pri:0, instance:org.staff101.testcases.Jobs_Module@6d60fe40]" started-at="2024-01-02T20:11:57 IST" name="tearDown" finished-at="2024-01-02T20:12:01 IST" duration-ms="4383" status="PASS">
          <reporter-output>
            <line>
              <![CDATA[Browser session ended]]>
            </line>
          </reporter-output>
        </test-method> <!-- tearDown -->
      </class> <!-- org.staff101.testcases.Jobs_Module -->
    </test> <!-- Default test -->
  </suite> <!-- Default suite -->
</testng-results>
